0	19:26:36.318	Expert investMVC EURUSD,M5: loaded successfully
0	19:26:52.207	investMVC EURUSD,M5: initialized
0	19:26:57.271	investMVC EURUSD,M5: arquivo OK
2	19:26:57.609	investMVC EURUSD,M5: open #126100249 sell 0.85 EURUSD at 1.08207 sl: 1.08457 tp: 1.08057 ok
0	19:26:57.610	investMVC EURUSD,M5: Entrou venda

0	19:27:01.426	investMVC EURUSD,M5: arquivo OK
0	19:27:01.683	investMVC EURUSD,M5: arquivo OK
0	19:27:01.697	investMVC EURUSD,M5: arquivo OK
0	19:27:01.859	investMVC EURUSD,M5: arquivo OK
0	19:27:04.868	investMVC EURUSD,M5: arquivo OK
0	19:27:04.900	investMVC EURUSD,M5: arquivo OK
0	19:27:04.944	investMVC EURUSD,M5: arquivo OK
0	19:27:05.388	investMVC EURUSD,M5: arquivo OK
0	19:27:05.548	investMVC EURUSD,M5: arquivo OK
0	19:27:05.625	investMVC EURUSD,M5: arquivo OK
0	19:27:05.703	investMVC EURUSD,M5: arquivo OK
0	19:27:07.539	investMVC EURUSD,M5: arquivo OK
0	19:27:11.641	investMVC EURUSD,M5: arquivo OK
0	19:27:17.157	investMVC EURUSD,M5: arquivo OK
0	19:27:19.466	investMVC EURUSD,M5: arquivo OK
0	19:27:20.093	investMVC EURUSD,M5: arquivo OK
0	19:27:22.054	investMVC EURUSD,M5: arquivo OK
0	19:27:22.145	investMVC EURUSD,M5: arquivo OK
0	19:27:22.210	investMVC EURUSD,M5: arquivo OK
0	19:27:22.320	investMVC EURUSD,M5: arquivo OK
0	19:27:24.948	investMVC EURUSD,M5: arquivo OK
0	19:27:27.044	investMVC EURUSD,M5: arquivo OK
0	19:27:28.148	investMVC EURUSD,M5: arquivo OK
0	19:27:32.839	investMVC EURUSD,M5: arquivo OK
0	19:27:34.572	investMVC EURUSD,M5: arquivo OK
0	19:27:34.930	investMVC EURUSD,M5: arquivo OK
0	19:27:37.039	investMVC EURUSD,M5: arquivo OK
0	19:27:37.121	investMVC EURUSD,M5: arquivo OK
0	19:27:42.411	investMVC EURUSD,M5: arquivo OK
0	19:27:43.623	investMVC EURUSD,M5: arquivo OK
0	19:27:45.528	investMVC EURUSD,M5: arquivo OK
0	19:27:47.076	investMVC EURUSD,M5: arquivo OK
0	19:27:53.410	investMVC EURUSD,M5: arquivo OK
0	19:27:57.070	investMVC EURUSD,M5: arquivo OK
0	19:28:00.231	investMVC EURUSD,M5: arquivo OK
0	19:28:02.549	investMVC EURUSD,M5: arquivo OK
0	19:28:03.041	investMVC EURUSD,M5: arquivo OK
0	19:28:04.543	investMVC EURUSD,M5: arquivo OK
0	19:28:07.842	investMVC EURUSD,M5: arquivo OK
0	19:28:07.929	investMVC EURUSD,M5: arquivo OK
0	19:28:08.056	investMVC EURUSD,M5: arquivo OK
0	19:28:10.350	investMVC EURUSD,M5: arquivo OK
0	19:28:10.433	investMVC EURUSD,M5: arquivo OK
0	19:28:10.528	investMVC EURUSD,M5: arquivo OK
0	19:28:10.627	investMVC EURUSD,M5: arquivo OK
0	19:28:10.875	investMVC EURUSD,M5: arquivo OK
0	19:28:11.440	investMVC EURUSD,M5: arquivo OK
0	19:28:11.954	investMVC EURUSD,M5: arquivo OK
0	19:28:21.018	investMVC EURUSD,M5: arquivo OK
0	19:28:21.113	investMVC EURUSD,M5: arquivo OK
0	19:28:21.215	investMVC EURUSD,M5: arquivo OK
0	19:28:21.428	investMVC EURUSD,M5: arquivo OK
0	19:28:23.612	investMVC EURUSD,M5: arquivo OK
0	19:28:23.639	investMVC EURUSD,M5: arquivo OK
0	19:28:24.337	investMVC EURUSD,M5: arquivo OK
0	19:28:27.526	investMVC EURUSD,M5: arquivo OK
0	19:28:33.028	investMVC EURUSD,M5: arquivo OK
0	19:28:33.060	investMVC EURUSD,M5: arquivo OK
0	19:28:33.119	investMVC EURUSD,M5: arquivo OK
0	19:28:34.376	investMVC EURUSD,M5: arquivo OK
0	19:28:36.382	investMVC EURUSD,M5: arquivo OK
0	19:28:37.941	investMVC EURUSD,M5: arquivo OK
0	19:28:38.871	investMVC EURUSD,M5: uninit reason 9
0	19:28:38.953	Expert investMVC EURUSD,M5: removed
