0	11:25:42.433	Expert investMVC EURUSD,M5: loaded successfully
0	12:36:13.700	Expert investMVC EURUSD,M5: removed
0	12:36:13.703	Expert investMVC EURUSD,M5: loaded successfully
0	12:36:13.708	investMVC EURUSD,M5: initialized
0	12:36:21.938	investMVC EURUSD,M5: uninit reason 2
0	12:36:21.938	Expert investMVC EURUSD,M5: removed
0	12:36:21.942	Expert investMVC EURUSD,M5: loaded successfully
0	12:36:21.947	investMVC EURUSD,M5: initialized
0	12:41:00.524	investMVC EURUSD,M5: uninit reason 2
0	12:41:00.524	Expert investMVC EURUSD,M5: removed
0	12:41:00.529	Expert investMVC EURUSD,M5: loaded successfully
0	12:41:00.531	investMVC EURUSD,M5: initialized
0	12:41:53.312	investMVC EURUSD,M5: uninit reason 2
0	12:41:53.312	Expert investMVC EURUSD,M5: removed
0	12:41:53.315	Expert investMVC EURUSD,M5: loaded successfully
0	12:41:53.317	investMVC EURUSD,M5: initialized
0	12:44:58.518	investMVC EURUSD,M5: uninit reason 2
0	12:44:58.518	Expert investMVC EURUSD,M5: removed
0	12:44:58.522	Expert investMVC EURUSD,M5: loaded successfully
0	12:44:58.527	investMVC EURUSD,M5: initialized
0	12:47:45.523	investMVC EURUSD,M5: uninit reason 2
0	12:47:45.523	Expert investMVC EURUSD,M5: removed
0	12:47:45.525	Expert investMVC EURUSD,M5: loaded successfully
0	12:47:45.527	investMVC EURUSD,M5: initialized
0	12:48:02.793	investMVC EURUSD,M5: uninit reason 2
0	12:48:02.793	Expert investMVC EURUSD,M5: removed
0	12:48:02.795	Expert investMVC EURUSD,M5: loaded successfully
0	12:48:02.801	investMVC EURUSD,M5: initialized
0	12:48:53.038	investMVC EURUSD,M5: uninit reason 2
0	12:48:53.038	Expert investMVC EURUSD,M5: removed
0	12:48:53.041	Expert investMVC EURUSD,M5: loaded successfully
0	12:48:53.045	investMVC EURUSD,M5: initialized
0	12:48:55.084	investMVC EURUSD,M5: arquivo OK

0	12:48:56.686	investMVC EURUSD,M5: uninit reason 2
0	12:48:56.686	Expert investMVC EURUSD,M5: removed
0	12:48:56.691	Expert investMVC EURUSD,M5: loaded successfully
0	12:48:56.694	investMVC EURUSD,M5: initialized
0	12:48:59.027	investMVC EURUSD,M5: arquivo OK

0	12:49:00.228	investMVC EURUSD,M5: arquivo OK

0	12:49:11.095	investMVC EURUSD,M5: arquivo OK

0	12:49:12.930	investMVC EURUSD,M5: arquivo OK

0	12:49:17.608	investMVC EURUSD,M5: arquivo OK

0	12:49:19.409	investMVC EURUSD,M5: arquivo OK

0	12:49:23.777	investMVC EURUSD,M5: arquivo OK

0	12:49:27.804	investMVC EURUSD,M5: arquivo OK

0	12:49:29.935	investMVC EURUSD,M5: arquivo OK

0	12:49:31.048	investMVC EURUSD,M5: arquivo OK

0	12:49:36.116	investMVC EURUSD,M5: arquivo OK

0	12:49:58.549	investMVC EURUSD,M5: arquivo OK

0	12:50:06.500	investMVC EURUSD,M5: uninit reason 2
0	12:50:06.500	Expert investMVC EURUSD,M5: removed
0	12:50:06.503	Expert investMVC EURUSD,M5: loaded successfully
0	12:50:06.508	investMVC EURUSD,M5: initialized
0	12:50:22.084	investMVC EURUSD,M5: arquivo OK

0	12:50:25.471	investMVC EURUSD,M5: arquivo OK

0	12:50:25.471	investMVC EURUSD,M5: String nula

0	12:50:25.661	investMVC EURUSD,M5: arquivo OK

0	12:50:25.661	investMVC EURUSD,M5: String nula

0	12:50:25.887	investMVC EURUSD,M5: arquivo OK

0	12:50:25.887	investMVC EURUSD,M5: String nula

0	12:50:28.128	investMVC EURUSD,M5: arquivo OK

0	12:50:28.128	investMVC EURUSD,M5: String nula

0	12:50:36.031	investMVC EURUSD,M5: arquivo OK

0	12:50:36.031	investMVC EURUSD,M5: String nula

0	12:50:42.861	investMVC EURUSD,M5: arquivo OK

0	12:50:42.861	investMVC EURUSD,M5: String nula

0	12:50:49.867	investMVC EURUSD,M5: arquivo OK

0	12:50:49.867	investMVC EURUSD,M5: String nula

0	12:50:52.461	investMVC EURUSD,M5: arquivo OK

0	12:50:52.461	investMVC EURUSD,M5: String nula

0	12:51:07.068	investMVC EURUSD,M5: arquivo OK

0	12:51:07.068	investMVC EURUSD,M5: String nula

0	12:51:07.774	investMVC EURUSD,M5: arquivo OK

0	12:51:07.774	investMVC EURUSD,M5: String nula

0	12:51:08.454	investMVC EURUSD,M5: arquivo OK

0	12:51:08.454	investMVC EURUSD,M5: String nula

0	12:51:08.917	investMVC EURUSD,M5: arquivo OK

0	12:51:08.917	investMVC EURUSD,M5: String nula

0	12:51:09.082	investMVC EURUSD,M5: arquivo OK

0	12:51:09.082	investMVC EURUSD,M5: String nula

0	12:51:12.035	investMVC EURUSD,M5: arquivo OK

0	12:51:12.035	investMVC EURUSD,M5: String nula

0	12:51:14.691	investMVC EURUSD,M5: arquivo OK

0	12:51:14.691	investMVC EURUSD,M5: String nula

0	12:51:46.383	investMVC EURUSD,M5: arquivo OK

0	12:51:46.383	investMVC EURUSD,M5: String nula

0	12:51:50.911	investMVC EURUSD,M5: arquivo OK

0	12:51:50.911	investMVC EURUSD,M5: String nula

0	12:51:52.160	investMVC EURUSD,M5: arquivo OK

0	12:51:52.160	investMVC EURUSD,M5: String nula

0	12:51:53.190	investMVC EURUSD,M5: arquivo OK

0	12:51:53.190	investMVC EURUSD,M5: String nula

0	12:51:57.404	investMVC EURUSD,M5: arquivo OK

0	12:51:57.404	investMVC EURUSD,M5: String nula

0	12:52:21.979	investMVC EURUSD,M5: arquivo OK

0	12:52:21.979	investMVC EURUSD,M5: String nula

0	12:52:27.224	investMVC EURUSD,M5: arquivo OK

0	12:52:27.224	investMVC EURUSD,M5: String nula

0	12:52:28.463	investMVC EURUSD,M5: arquivo OK

0	12:52:28.463	investMVC EURUSD,M5: String nula

0	12:52:30.036	investMVC EURUSD,M5: arquivo OK

0	12:52:30.036	investMVC EURUSD,M5: String nula

0	12:52:33.782	investMVC EURUSD,M5: arquivo OK

0	12:52:33.782	investMVC EURUSD,M5: String nula

0	12:52:34.754	investMVC EURUSD,M5: arquivo OK

0	12:52:34.754	investMVC EURUSD,M5: String nula

0	12:52:35.741	investMVC EURUSD,M5: arquivo OK

0	12:52:35.741	investMVC EURUSD,M5: String nula

0	12:52:35.958	investMVC EURUSD,M5: arquivo OK

0	12:52:35.958	investMVC EURUSD,M5: String nula

0	12:52:37.225	investMVC EURUSD,M5: arquivo OK

0	12:52:37.225	investMVC EURUSD,M5: String nula

0	12:52:40.610	investMVC EURUSD,M5: arquivo OK

0	12:52:40.610	investMVC EURUSD,M5: String nula

0	12:52:49.145	investMVC EURUSD,M5: arquivo OK

0	12:52:49.145	investMVC EURUSD,M5: String nula

0	12:52:52.054	investMVC EURUSD,M5: arquivo OK

0	12:52:52.054	investMVC EURUSD,M5: String nula

0	12:52:53.814	investMVC EURUSD,M5: arquivo OK

0	12:52:53.814	investMVC EURUSD,M5: String nula

0	12:53:02.191	investMVC EURUSD,M5: arquivo OK

0	12:53:02.191	investMVC EURUSD,M5: String nula

0	12:53:02.513	investMVC EURUSD,M5: arquivo OK

0	12:53:02.513	investMVC EURUSD,M5: String nula

0	12:53:05.928	investMVC EURUSD,M5: arquivo OK

0	12:53:05.928	investMVC EURUSD,M5: String nula

0	12:53:07.483	investMVC EURUSD,M5: arquivo OK

0	12:53:07.483	investMVC EURUSD,M5: String nula

0	12:53:09.741	investMVC EURUSD,M5: arquivo OK

0	12:53:09.741	investMVC EURUSD,M5: String nula

0	12:53:13.906	investMVC EURUSD,M5: arquivo OK

0	12:53:13.906	investMVC EURUSD,M5: String nula

0	12:53:14.309	investMVC EURUSD,M5: arquivo OK

0	12:53:14.309	investMVC EURUSD,M5: String nula

0	12:53:15.603	investMVC EURUSD,M5: arquivo OK

0	12:53:15.603	investMVC EURUSD,M5: String nula

0	12:53:17.989	investMVC EURUSD,M5: arquivo OK

0	12:53:17.989	investMVC EURUSD,M5: String nula

0	12:53:18.126	investMVC EURUSD,M5: arquivo OK

0	12:53:18.126	investMVC EURUSD,M5: String nula

0	12:53:29.649	investMVC EURUSD,M5: uninit reason 2
0	12:53:29.649	Expert investMVC EURUSD,M5: removed
0	12:53:29.652	Expert investMVC EURUSD,M5: loaded successfully
0	12:53:29.656	investMVC EURUSD,M5: initialized
0	12:53:34.968	investMVC EURUSD,M5: arquivo OK

2	12:53:39.833	investMVC EURUSD,M5: open #125239189 sell 0.95 EURUSD at 1.08173 ok
0	12:53:39.833	investMVC EURUSD,M5: arquivo OK

0	12:53:45.081	investMVC EURUSD,M5: arquivo OK

0	12:53:45.394	investMVC EURUSD,M5: arquivo OK

0	12:53:50.180	investMVC EURUSD,M5: arquivo OK

0	12:53:51.993	Automated trading disabled
0	12:53:53.389	investMVC EURUSD,M5: arquivo OK

0	12:54:01.271	investMVC EURUSD,M5: arquivo OK

0	12:54:01.361	investMVC EURUSD,M5: arquivo OK

0	12:54:04.496	investMVC EURUSD,M5: arquivo OK

0	12:54:05.928	investMVC EURUSD,M5: arquivo OK

0	12:54:06.072	investMVC EURUSD,M5: arquivo OK

0	12:54:10.815	investMVC EURUSD,M5: arquivo OK

0	12:54:45.534	investMVC EURUSD,M5: arquivo OK

0	12:55:11.293	investMVC EURUSD,M5: uninit reason 1
0	12:55:11.295	Expert investMVC EURUSD,M5: removed
0	12:55:11.298	Expert investMVC EURUSD,M5: loaded successfully
0	12:55:15.177	investMVC EURUSD,M5: initialized
0	12:55:35.176	investMVC EURUSD,M5: uninit reason 2
0	12:55:35.176	Expert investMVC EURUSD,M5: removed
0	12:55:35.180	Expert investMVC EURUSD,M5: loaded successfully
0	12:55:35.185	investMVC EURUSD,M5: initialized
0	13:15:05.676	investMVC EURUSD,M5: arquivo OK

3	13:15:05.676	investMVC EURUSD,M5: trade operations not allowed by settings
0	13:15:06.250	investMVC EURUSD,M5: uninit reason 6
0	13:15:06.251	investMVC EURUSD,M5: initialized
0	13:15:07.393	investMVC EURUSD,M5: arquivo OK

0	13:15:09.284	investMVC EURUSD,M5: arquivo OK

0	13:15:09.665	investMVC EURUSD,M5: arquivo OK

0	13:15:10.038	investMVC EURUSD,M5: arquivo OK

0	13:15:12.089	investMVC EURUSD,M5: arquivo OK

0	13:15:12.945	investMVC EURUSD,M5: arquivo OK

0	13:15:13.777	investMVC EURUSD,M5: arquivo OK

0	13:15:14.258	investMVC EURUSD,M5: arquivo OK

0	13:15:15.485	investMVC EURUSD,M5: arquivo OK

0	13:15:15.588	investMVC EURUSD,M5: arquivo OK

0	13:15:15.738	investMVC EURUSD,M5: arquivo OK

0	13:15:16.681	investMVC EURUSD,M5: arquivo OK

0	13:15:17.722	investMVC EURUSD,M5: arquivo OK

0	13:15:17.827	investMVC EURUSD,M5: arquivo OK

0	13:15:18.146	investMVC EURUSD,M5: arquivo OK

0	13:15:18.630	investMVC EURUSD,M5: arquivo OK

0	13:15:18.649	investMVC EURUSD,M5: arquivo OK

0	13:15:18.986	investMVC EURUSD,M5: arquivo OK

0	13:15:21.077	investMVC EURUSD,M5: arquivo OK

0	13:15:21.298	investMVC EURUSD,M5: arquivo OK

0	13:15:26.385	investMVC EURUSD,M5: arquivo OK

0	13:15:26.550	investMVC EURUSD,M5: arquivo OK

0	13:15:26.712	investMVC EURUSD,M5: arquivo OK

0	13:15:26.863	investMVC EURUSD,M5: arquivo OK

0	13:15:27.223	investMVC EURUSD,M5: arquivo OK

0	13:15:28.925	investMVC EURUSD,M5: arquivo OK

0	13:15:29.800	investMVC EURUSD,M5: arquivo OK

0	13:15:30.034	investMVC EURUSD,M5: arquivo OK

0	13:15:30.828	investMVC EURUSD,M5: arquivo OK

0	13:15:31.017	investMVC EURUSD,M5: arquivo OK

0	13:15:33.201	investMVC EURUSD,M5: arquivo OK

0	13:15:33.797	investMVC EURUSD,M5: arquivo OK

0	13:15:36.015	investMVC EURUSD,M5: arquivo OK

0	13:15:37.777	investMVC EURUSD,M5: arquivo OK

0	13:15:38.597	investMVC EURUSD,M5: arquivo OK

0	13:15:39.796	investMVC EURUSD,M5: arquivo OK

0	13:15:40.377	investMVC EURUSD,M5: arquivo OK

0	13:15:42.466	investMVC EURUSD,M5: arquivo OK

0	13:15:44.860	investMVC EURUSD,M5: arquivo OK

0	13:15:45.085	investMVC EURUSD,M5: arquivo OK

0	13:15:45.455	investMVC EURUSD,M5: arquivo OK

0	13:15:50.705	investMVC EURUSD,M5: arquivo OK

0	13:15:50.989	investMVC EURUSD,M5: arquivo OK

0	13:15:51.197	investMVC EURUSD,M5: arquivo OK

0	13:15:51.418	investMVC EURUSD,M5: arquivo OK

0	13:15:52.147	investMVC EURUSD,M5: arquivo OK

0	13:15:55.897	investMVC EURUSD,M5: arquivo OK

0	13:15:56.088	investMVC EURUSD,M5: arquivo OK

0	13:15:57.896	investMVC EURUSD,M5: arquivo OK

0	13:15:59.635	investMVC EURUSD,M5: arquivo OK

0	13:16:00.207	investMVC EURUSD,M5: arquivo OK

0	13:16:00.396	investMVC EURUSD,M5: arquivo OK

0	13:16:00.665	investMVC EURUSD,M5: arquivo OK

0	13:16:01.165	investMVC EURUSD,M5: arquivo OK

0	13:16:02.505	investMVC EURUSD,M5: arquivo OK

0	13:16:07.115	investMVC EURUSD,M5: arquivo OK

0	13:16:10.609	investMVC EURUSD,M5: arquivo OK

0	13:16:12.120	investMVC EURUSD,M5: arquivo OK

0	13:16:12.387	investMVC EURUSD,M5: arquivo OK

0	13:16:13.196	investMVC EURUSD,M5: arquivo OK

0	13:16:13.483	investMVC EURUSD,M5: arquivo OK

0	13:16:13.555	investMVC EURUSD,M5: uninit reason 2
0	13:16:13.555	Expert investMVC EURUSD,M5: removed
0	13:16:13.558	Expert investMVC EURUSD,M5: loaded successfully
0	13:16:13.561	investMVC EURUSD,M5: initialized
0	13:16:14.655	investMVC EURUSD,M5: arquivo OK

3	13:16:14.656	investMVC EURUSD,M5: trade operations not allowed by settings
0	13:16:15.076	investMVC EURUSD,M5: arquivo OK

0	13:16:17.567	investMVC EURUSD,M5: arquivo OK

0	13:16:20.862	investMVC EURUSD,M5: arquivo OK

0	13:16:22.578	investMVC EURUSD,M5: arquivo OK

0	13:16:23.844	investMVC EURUSD,M5: arquivo OK

0	13:16:24.883	investMVC EURUSD,M5: arquivo OK

0	13:16:28.895	investMVC EURUSD,M5: arquivo OK

0	13:16:29.055	investMVC EURUSD,M5: arquivo OK

0	13:16:29.298	investMVC EURUSD,M5: arquivo OK

0	13:16:30.950	investMVC EURUSD,M5: arquivo OK

0	13:16:32.518	investMVC EURUSD,M5: arquivo OK

0	13:16:32.597	investMVC EURUSD,M5: arquivo OK

0	13:16:32.769	investMVC EURUSD,M5: arquivo OK

0	13:16:32.870	investMVC EURUSD,M5: arquivo OK

0	13:16:33.629	investMVC EURUSD,M5: arquivo OK

0	13:16:33.852	investMVC EURUSD,M5: arquivo OK

0	13:16:34.660	investMVC EURUSD,M5: arquivo OK

0	13:16:35.135	investMVC EURUSD,M5: arquivo OK

0	13:16:36.726	investMVC EURUSD,M5: arquivo OK

0	13:16:37.456	investMVC EURUSD,M5: arquivo OK

0	13:16:37.678	investMVC EURUSD,M5: arquivo OK

0	13:16:38.475	investMVC EURUSD,M5: arquivo OK

0	13:16:38.589	investMVC EURUSD,M5: arquivo OK

0	13:16:40.859	investMVC EURUSD,M5: arquivo OK

0	13:16:40.977	investMVC EURUSD,M5: arquivo OK

0	13:16:41.209	investMVC EURUSD,M5: arquivo OK

0	13:16:41.407	investMVC EURUSD,M5: arquivo OK

0	13:16:42.379	investMVC EURUSD,M5: arquivo OK

0	13:16:44.564	investMVC EURUSD,M5: uninit reason 2
0	13:16:44.564	Expert investMVC EURUSD,M5: removed
0	13:16:44.567	Expert investMVC EURUSD,M5: loaded successfully
0	13:16:44.571	investMVC EURUSD,M5: initialized
0	13:16:44.625	investMVC EURUSD,M5: arquivo OK

0	13:16:45.295	investMVC EURUSD,M5: arquivo OK

0	13:16:48.074	investMVC EURUSD,M5: arquivo OK

0	13:16:48.528	investMVC EURUSD,M5: arquivo OK

0	13:16:49.059	investMVC EURUSD,M5: arquivo OK

0	13:16:49.299	investMVC EURUSD,M5: arquivo OK

0	13:16:50.040	investMVC EURUSD,M5: arquivo OK

0	13:16:50.228	investMVC EURUSD,M5: arquivo OK

0	13:16:52.822	investMVC EURUSD,M5: arquivo OK

0	13:16:52.834	investMVC EURUSD,M5: arquivo OK

0	13:16:53.377	investMVC EURUSD,M5: arquivo OK

0	13:16:53.747	investMVC EURUSD,M5: arquivo OK

0	13:16:53.956	investMVC EURUSD,M5: arquivo OK

0	13:16:54.086	investMVC EURUSD,M5: arquivo OK

0	13:16:55.256	investMVC EURUSD,M5: arquivo OK

0	13:16:55.937	investMVC EURUSD,M5: arquivo OK

0	13:16:56.426	investMVC EURUSD,M5: arquivo OK

0	13:16:56.578	investMVC EURUSD,M5: arquivo OK

0	13:16:56.815	investMVC EURUSD,M5: arquivo OK

0	13:16:57.977	investMVC EURUSD,M5: arquivo OK

0	13:16:58.118	investMVC EURUSD,M5: arquivo OK

0	13:16:58.305	investMVC EURUSD,M5: arquivo OK

0	13:16:58.785	investMVC EURUSD,M5: arquivo OK

0	13:16:59.135	investMVC EURUSD,M5: arquivo OK

0	13:16:59.346	investMVC EURUSD,M5: arquivo OK

0	13:17:02.805	investMVC EURUSD,M5: arquivo OK

0	13:17:02.944	investMVC EURUSD,M5: arquivo OK

0	13:17:03.706	investMVC EURUSD,M5: arquivo OK

0	13:17:03.867	investMVC EURUSD,M5: arquivo OK

0	13:17:04.194	investMVC EURUSD,M5: arquivo OK

0	13:17:04.525	investMVC EURUSD,M5: arquivo OK

0	13:17:04.701	investMVC EURUSD,M5: arquivo OK

0	13:17:05.499	investMVC EURUSD,M5: arquivo OK

0	13:17:07.498	investMVC EURUSD,M5: arquivo OK

0	13:17:10.058	investMVC EURUSD,M5: arquivo OK

0	13:17:11.906	investMVC EURUSD,M5: arquivo OK

0	13:17:15.564	investMVC EURUSD,M5: arquivo OK

0	13:17:15.868	investMVC EURUSD,M5: arquivo OK

0	13:17:18.997	investMVC EURUSD,M5: arquivo OK

0	13:17:19.203	investMVC EURUSD,M5: arquivo OK

0	13:17:19.367	investMVC EURUSD,M5: arquivo OK

0	13:17:20.466	investMVC EURUSD,M5: arquivo OK

0	13:17:21.253	investMVC EURUSD,M5: arquivo OK

0	13:17:21.497	investMVC EURUSD,M5: arquivo OK

0	13:17:21.826	investMVC EURUSD,M5: arquivo OK

0	13:17:22.136	investMVC EURUSD,M5: arquivo OK

0	13:17:22.288	investMVC EURUSD,M5: arquivo OK

0	13:17:22.448	investMVC EURUSD,M5: arquivo OK

0	13:17:22.639	investMVC EURUSD,M5: arquivo OK

0	13:17:23.679	investMVC EURUSD,M5: arquivo OK

0	13:17:23.832	investMVC EURUSD,M5: arquivo OK

0	13:17:24.055	investMVC EURUSD,M5: arquivo OK

0	13:17:24.813	investMVC EURUSD,M5: arquivo OK

0	13:17:25.027	investMVC EURUSD,M5: arquivo OK

0	13:17:25.117	investMVC EURUSD,M5: arquivo OK

0	13:17:26.375	investMVC EURUSD,M5: arquivo OK

0	13:17:27.740	investMVC EURUSD,M5: uninit reason 2
0	13:17:27.740	Expert investMVC EURUSD,M5: removed
0	13:17:27.742	Expert investMVC EURUSD,M5: loaded successfully
0	13:17:27.744	investMVC EURUSD,M5: initialized
0	13:17:27.891	investMVC EURUSD,M5: arquivo OK

0	13:17:28.042	investMVC EURUSD,M5: arquivo OK

0	13:17:28.720	investMVC EURUSD,M5: arquivo OK

0	13:17:30.667	investMVC EURUSD,M5: arquivo OK

0	13:17:31.625	investMVC EURUSD,M5: arquivo OK

0	13:17:31.784	investMVC EURUSD,M5: arquivo OK

0	13:17:31.936	investMVC EURUSD,M5: arquivo OK

0	13:17:32.695	investMVC EURUSD,M5: arquivo OK

0	13:17:33.779	investMVC EURUSD,M5: arquivo OK

0	13:17:35.119	investMVC EURUSD,M5: arquivo OK

0	13:17:38.446	investMVC EURUSD,M5: arquivo OK

0	13:17:39.120	investMVC EURUSD,M5: arquivo OK

0	13:17:39.387	investMVC EURUSD,M5: arquivo OK

0	13:17:40.075	investMVC EURUSD,M5: arquivo OK

0	13:17:41.289	investMVC EURUSD,M5: arquivo OK

0	13:17:41.474	investMVC EURUSD,M5: arquivo OK

0	13:17:41.664	investMVC EURUSD,M5: arquivo OK

0	13:17:42.906	investMVC EURUSD,M5: arquivo OK

0	13:17:43.036	investMVC EURUSD,M5: arquivo OK

0	13:17:43.327	investMVC EURUSD,M5: arquivo OK

0	13:17:43.635	investMVC EURUSD,M5: arquivo OK

0	13:17:48.705	investMVC EURUSD,M5: arquivo OK

0	13:17:48.855	investMVC EURUSD,M5: arquivo OK

0	13:17:49.118	investMVC EURUSD,M5: arquivo OK

0	13:17:49.667	investMVC EURUSD,M5: arquivo OK

0	13:17:50.764	investMVC EURUSD,M5: arquivo OK

0	13:17:51.290	investMVC EURUSD,M5: arquivo OK

0	13:17:51.298	investMVC EURUSD,M5: arquivo OK

0	13:17:52.006	investMVC EURUSD,M5: arquivo OK

0	13:17:53.666	investMVC EURUSD,M5: arquivo OK

0	13:17:54.276	investMVC EURUSD,M5: arquivo OK

0	13:17:54.476	investMVC EURUSD,M5: arquivo OK

0	13:17:54.666	investMVC EURUSD,M5: arquivo OK

0	13:17:57.584	investMVC EURUSD,M5: arquivo OK

0	13:18:03.726	investMVC EURUSD,M5: arquivo OK

0	13:18:03.877	investMVC EURUSD,M5: arquivo OK

0	13:18:04.144	investMVC EURUSD,M5: arquivo OK

0	13:18:07.363	investMVC EURUSD,M5: arquivo OK

0	13:18:08.566	investMVC EURUSD,M5: arquivo OK

0	13:18:08.695	investMVC EURUSD,M5: arquivo OK

0	13:18:08.875	investMVC EURUSD,M5: arquivo OK

0	13:18:09.683	investMVC EURUSD,M5: arquivo OK

0	13:18:12.077	investMVC EURUSD,M5: arquivo OK

0	13:18:12.376	investMVC EURUSD,M5: arquivo OK

0	13:18:12.837	investMVC EURUSD,M5: arquivo OK

0	13:18:12.997	investMVC EURUSD,M5: arquivo OK

0	13:18:14.186	investMVC EURUSD,M5: arquivo OK

0	13:18:14.386	investMVC EURUSD,M5: arquivo OK

0	13:18:15.145	investMVC EURUSD,M5: arquivo OK

0	13:18:15.449	investMVC EURUSD,M5: arquivo OK

0	13:18:18.688	investMVC EURUSD,M5: arquivo OK

0	13:18:18.870	investMVC EURUSD,M5: arquivo OK

0	13:18:19.070	investMVC EURUSD,M5: arquivo OK

0	13:18:19.369	investMVC EURUSD,M5: arquivo OK

0	13:18:20.016	investMVC EURUSD,M5: arquivo OK

0	13:18:22.714	investMVC EURUSD,M5: arquivo OK

0	13:18:22.969	investMVC EURUSD,M5: arquivo OK

0	13:18:23.120	investMVC EURUSD,M5: arquivo OK

0	13:18:23.274	investMVC EURUSD,M5: arquivo OK

0	13:18:23.627	investMVC EURUSD,M5: arquivo OK

0	13:18:23.776	investMVC EURUSD,M5: arquivo OK

0	13:18:23.995	investMVC EURUSD,M5: arquivo OK

0	13:18:24.165	investMVC EURUSD,M5: arquivo OK

0	13:18:26.441	investMVC EURUSD,M5: arquivo OK

0	13:18:26.583	investMVC EURUSD,M5: arquivo OK

0	13:18:26.763	investMVC EURUSD,M5: arquivo OK

0	13:18:26.926	investMVC EURUSD,M5: arquivo OK

0	13:18:27.715	investMVC EURUSD,M5: arquivo OK

0	13:18:28.669	investMVC EURUSD,M5: arquivo OK

0	13:18:31.116	investMVC EURUSD,M5: arquivo OK

0	13:18:31.869	investMVC EURUSD,M5: arquivo OK

0	13:18:42.195	investMVC EURUSD,M5: arquivo OK

0	13:18:43.038	investMVC EURUSD,M5: arquivo OK

0	13:18:43.275	investMVC EURUSD,M5: arquivo OK

0	13:18:44.448	investMVC EURUSD,M5: arquivo OK

0	13:18:47.135	investMVC EURUSD,M5: arquivo OK

0	13:18:47.825	investMVC EURUSD,M5: arquivo OK

0	13:18:57.793	investMVC EURUSD,M5: arquivo OK

0	13:18:57.996	investMVC EURUSD,M5: arquivo OK

0	13:18:59.038	investMVC EURUSD,M5: arquivo OK

0	13:18:59.818	investMVC EURUSD,M5: arquivo OK

0	13:19:04.083	investMVC EURUSD,M5: arquivo OK

0	13:19:05.527	investMVC EURUSD,M5: arquivo OK

0	13:19:07.489	investMVC EURUSD,M5: arquivo OK

0	13:19:07.667	investMVC EURUSD,M5: arquivo OK

0	13:19:07.852	investMVC EURUSD,M5: arquivo OK

0	13:19:07.965	investMVC EURUSD,M5: arquivo OK

0	13:19:08.825	investMVC EURUSD,M5: arquivo OK

0	13:19:09.013	investMVC EURUSD,M5: arquivo OK

0	13:19:09.664	investMVC EURUSD,M5: arquivo OK

0	13:19:09.809	investMVC EURUSD,M5: arquivo OK

0	13:19:10.041	investMVC EURUSD,M5: arquivo OK

0	13:19:10.446	investMVC EURUSD,M5: arquivo OK

0	13:19:10.638	investMVC EURUSD,M5: arquivo OK

0	13:19:10.864	investMVC EURUSD,M5: arquivo OK

0	13:19:11.029	investMVC EURUSD,M5: arquivo OK

0	13:19:11.567	investMVC EURUSD,M5: arquivo OK

0	13:19:30.558	investMVC EURUSD,M5: arquivo OK

0	13:19:30.684	investMVC EURUSD,M5: arquivo OK

0	13:19:30.731	investMVC EURUSD,M5: arquivo OK

0	13:19:37.043	investMVC EURUSD,M5: arquivo OK

0	13:19:37.199	investMVC EURUSD,M5: arquivo OK

0	13:19:37.374	investMVC EURUSD,M5: arquivo OK

0	13:19:37.595	investMVC EURUSD,M5: arquivo OK

0	13:19:48.067	investMVC EURUSD,M5: arquivo OK

0	13:19:49.212	investMVC EURUSD,M5: arquivo OK

0	13:19:49.444	investMVC EURUSD,M5: arquivo OK

0	13:19:49.577	investMVC EURUSD,M5: arquivo OK

0	13:19:49.770	investMVC EURUSD,M5: arquivo OK

0	13:19:49.839	investMVC EURUSD,M5: arquivo OK

0	13:19:49.920	investMVC EURUSD,M5: arquivo OK

0	13:19:50.339	investMVC EURUSD,M5: arquivo OK

0	13:19:50.618	investMVC EURUSD,M5: arquivo OK

0	13:19:51.622	investMVC EURUSD,M5: arquivo OK

0	13:19:51.770	investMVC EURUSD,M5: arquivo OK

0	13:19:54.739	investMVC EURUSD,M5: arquivo OK

0	13:19:56.474	investMVC EURUSD,M5: arquivo OK

0	13:19:56.581	investMVC EURUSD,M5: arquivo OK

0	13:19:59.640	investMVC EURUSD,M5: arquivo OK

0	13:20:00.355	investMVC EURUSD,M5: arquivo OK

0	13:20:00.531	investMVC EURUSD,M5: arquivo OK

0	13:20:00.601	investMVC EURUSD,M5: arquivo OK

0	13:20:01.727	investMVC EURUSD,M5: arquivo OK

0	13:20:03.691	investMVC EURUSD,M5: arquivo OK

0	13:20:05.478	investMVC EURUSD,M5: arquivo OK

0	13:20:07.993	investMVC EURUSD,M5: arquivo OK

0	13:20:09.077	investMVC EURUSD,M5: arquivo OK

0	13:20:09.339	investMVC EURUSD,M5: arquivo OK

0	13:20:10.389	investMVC EURUSD,M5: arquivo OK

0	13:20:11.292	investMVC EURUSD,M5: arquivo OK

0	13:20:11.342	investMVC EURUSD,M5: arquivo OK

0	13:20:11.628	investMVC EURUSD,M5: arquivo OK

0	13:20:11.798	investMVC EURUSD,M5: arquivo OK

0	13:20:11.990	investMVC EURUSD,M5: arquivo OK

0	13:20:14.381	investMVC EURUSD,M5: arquivo OK

0	13:20:15.555	investMVC EURUSD,M5: arquivo OK

0	13:20:16.620	investMVC EURUSD,M5: arquivo OK

0	13:20:17.855	investMVC EURUSD,M5: arquivo OK

0	13:20:17.999	investMVC EURUSD,M5: arquivo OK

0	13:20:18.181	investMVC EURUSD,M5: arquivo OK

0	13:20:19.520	investMVC EURUSD,M5: arquivo OK

0	13:20:19.701	investMVC EURUSD,M5: arquivo OK

0	13:20:21.126	investMVC EURUSD,M5: arquivo OK

0	13:20:24.649	investMVC EURUSD,M5: arquivo OK

0	13:20:24.799	investMVC EURUSD,M5: arquivo OK

0	13:20:25.040	investMVC EURUSD,M5: arquivo OK

0	13:20:25.682	investMVC EURUSD,M5: arquivo OK

0	13:20:29.018	investMVC EURUSD,M5: arquivo OK

0	13:20:29.220	investMVC EURUSD,M5: arquivo OK

0	13:20:29.305	investMVC EURUSD,M5: arquivo OK

0	13:20:29.381	investMVC EURUSD,M5: arquivo OK

0	13:20:29.462	investMVC EURUSD,M5: arquivo OK

0	13:20:32.651	investMVC EURUSD,M5: arquivo OK

0	13:20:33.779	investMVC EURUSD,M5: arquivo OK

0	13:20:34.615	investMVC EURUSD,M5: arquivo OK

0	13:20:35.098	investMVC EURUSD,M5: arquivo OK

0	13:20:35.650	investMVC EURUSD,M5: arquivo OK

0	13:20:35.987	investMVC EURUSD,M5: arquivo OK

0	13:20:36.376	investMVC EURUSD,M5: arquivo OK

0	13:20:37.170	investMVC EURUSD,M5: arquivo OK

0	13:20:37.467	investMVC EURUSD,M5: arquivo OK

0	13:20:37.879	investMVC EURUSD,M5: arquivo OK

0	13:20:39.184	investMVC EURUSD,M5: arquivo OK

0	13:20:40.558	investMVC EURUSD,M5: arquivo OK

0	13:20:42.304	investMVC EURUSD,M5: arquivo OK

0	13:20:42.823	investMVC EURUSD,M5: arquivo OK

0	13:20:42.998	investMVC EURUSD,M5: arquivo OK

0	13:20:43.738	investMVC EURUSD,M5: arquivo OK

0	13:20:43.908	investMVC EURUSD,M5: arquivo OK

0	13:20:44.168	investMVC EURUSD,M5: arquivo OK

0	13:20:44.382	investMVC EURUSD,M5: arquivo OK

0	13:20:45.899	investMVC EURUSD,M5: arquivo OK

0	13:20:47.190	investMVC EURUSD,M5: arquivo OK

0	13:20:47.928	investMVC EURUSD,M5: arquivo OK

0	13:20:48.067	investMVC EURUSD,M5: arquivo OK

0	13:20:48.236	investMVC EURUSD,M5: arquivo OK

0	13:20:48.582	investMVC EURUSD,M5: arquivo OK

0	13:20:48.759	investMVC EURUSD,M5: arquivo OK

0	13:20:48.983	investMVC EURUSD,M5: arquivo OK

0	13:20:49.094	investMVC EURUSD,M5: arquivo OK

0	13:20:49.462	investMVC EURUSD,M5: arquivo OK

0	13:20:49.638	investMVC EURUSD,M5: arquivo OK

0	13:20:50.547	investMVC EURUSD,M5: arquivo OK

0	13:20:56.542	investMVC EURUSD,M5: arquivo OK

0	13:20:56.577	investMVC EURUSD,M5: arquivo OK

0	13:20:57.048	investMVC EURUSD,M5: arquivo OK

0	13:20:58.017	investMVC EURUSD,M5: arquivo OK

0	13:20:59.098	investMVC EURUSD,M5: arquivo OK

0	13:21:01.932	investMVC EURUSD,M5: arquivo OK

0	13:21:07.453	investMVC EURUSD,M5: arquivo OK

0	13:21:07.480	investMVC EURUSD,M5: arquivo OK

0	13:21:08.824	investMVC EURUSD,M5: arquivo OK

0	13:21:10.679	investMVC EURUSD,M5: arquivo OK

0	13:21:11.081	investMVC EURUSD,M5: arquivo OK

0	13:21:11.302	investMVC EURUSD,M5: arquivo OK

0	13:21:12.323	investMVC EURUSD,M5: arquivo OK

0	13:21:12.408	investMVC EURUSD,M5: arquivo OK

0	13:21:13.920	investMVC EURUSD,M5: arquivo OK

0	13:21:14.581	investMVC EURUSD,M5: arquivo OK

0	13:21:17.007	investMVC EURUSD,M5: arquivo OK

0	13:21:17.321	investMVC EURUSD,M5: arquivo OK

0	13:21:17.664	investMVC EURUSD,M5: arquivo OK

0	13:21:17.859	investMVC EURUSD,M5: arquivo OK

0	13:21:18.137	investMVC EURUSD,M5: arquivo OK

0	13:21:19.286	investMVC EURUSD,M5: arquivo OK

0	13:21:21.036	investMVC EURUSD,M5: arquivo OK

0	13:21:24.930	investMVC EURUSD,M5: arquivo OK

0	13:21:27.927	investMVC EURUSD,M5: arquivo OK

0	13:21:29.048	investMVC EURUSD,M5: arquivo OK

0	13:21:29.245	investMVC EURUSD,M5: arquivo OK

0	13:21:29.371	investMVC EURUSD,M5: arquivo OK

0	13:21:29.980	investMVC EURUSD,M5: arquivo OK

0	13:21:31.660	investMVC EURUSD,M5: arquivo OK

0	13:21:32.261	investMVC EURUSD,M5: arquivo OK

0	13:21:35.183	investMVC EURUSD,M5: arquivo OK

0	13:21:36.550	investMVC EURUSD,M5: arquivo OK

0	13:21:37.207	investMVC EURUSD,M5: arquivo OK

0	13:21:40.648	investMVC EURUSD,M5: arquivo OK

0	13:21:43.290	investMVC EURUSD,M5: arquivo OK

0	13:21:44.259	investMVC EURUSD,M5: arquivo OK

0	13:21:44.407	investMVC EURUSD,M5: arquivo OK

0	13:21:45.156	investMVC EURUSD,M5: arquivo OK

0	13:21:46.868	investMVC EURUSD,M5: arquivo OK

0	13:21:47.090	investMVC EURUSD,M5: arquivo OK

0	13:21:47.179	investMVC EURUSD,M5: arquivo OK

0	13:21:50.409	investMVC EURUSD,M5: arquivo OK

0	13:21:50.579	investMVC EURUSD,M5: arquivo OK

0	13:21:50.817	investMVC EURUSD,M5: arquivo OK

0	13:21:51.066	investMVC EURUSD,M5: arquivo OK

0	13:21:56.068	investMVC EURUSD,M5: arquivo OK

0	13:21:57.297	investMVC EURUSD,M5: arquivo OK

0	13:21:58.826	investMVC EURUSD,M5: arquivo OK

0	13:21:59.137	investMVC EURUSD,M5: arquivo OK

0	13:21:59.918	investMVC EURUSD,M5: arquivo OK

0	13:22:00.018	investMVC EURUSD,M5: arquivo OK

0	13:22:00.956	investMVC EURUSD,M5: arquivo OK

0	13:22:01.148	investMVC EURUSD,M5: arquivo OK

0	13:22:01.508	investMVC EURUSD,M5: arquivo OK

0	13:22:01.839	investMVC EURUSD,M5: arquivo OK

0	13:22:02.017	investMVC EURUSD,M5: arquivo OK

0	13:22:02.277	investMVC EURUSD,M5: arquivo OK

0	13:22:02.681	investMVC EURUSD,M5: arquivo OK

0	13:22:02.889	investMVC EURUSD,M5: arquivo OK

0	13:22:03.060	investMVC EURUSD,M5: arquivo OK

0	13:22:03.230	investMVC EURUSD,M5: arquivo OK

0	13:22:03.438	investMVC EURUSD,M5: arquivo OK

0	13:22:03.869	investMVC EURUSD,M5: arquivo OK

0	13:22:04.187	investMVC EURUSD,M5: arquivo OK

0	13:22:04.349	investMVC EURUSD,M5: arquivo OK

0	13:22:08.019	investMVC EURUSD,M5: arquivo OK

0	13:22:08.987	investMVC EURUSD,M5: arquivo OK

0	13:22:09.682	investMVC EURUSD,M5: arquivo OK

0	13:22:12.447	investMVC EURUSD,M5: arquivo OK

0	13:22:12.667	investMVC EURUSD,M5: arquivo OK

0	13:22:13.200	investMVC EURUSD,M5: arquivo OK

0	13:22:13.301	investMVC EURUSD,M5: arquivo OK

0	13:22:13.450	investMVC EURUSD,M5: arquivo OK

0	13:22:13.921	investMVC EURUSD,M5: arquivo OK

0	13:22:14.406	investMVC EURUSD,M5: arquivo OK

0	13:22:15.117	investMVC EURUSD,M5: arquivo OK

0	13:22:15.853	investMVC EURUSD,M5: arquivo OK

0	13:22:16.051	investMVC EURUSD,M5: arquivo OK

0	13:22:18.520	investMVC EURUSD,M5: arquivo OK

0	13:22:19.297	investMVC EURUSD,M5: arquivo OK

0	13:22:19.519	investMVC EURUSD,M5: arquivo OK

0	13:22:19.820	investMVC EURUSD,M5: arquivo OK

0	13:22:21.746	investMVC EURUSD,M5: arquivo OK

0	13:22:21.930	investMVC EURUSD,M5: arquivo OK

0	13:22:23.928	investMVC EURUSD,M5: arquivo OK

0	13:22:24.081	investMVC EURUSD,M5: arquivo OK

0	13:22:25.199	investMVC EURUSD,M5: arquivo OK

0	13:22:30.384	investMVC EURUSD,M5: arquivo OK

0	13:22:32.421	investMVC EURUSD,M5: arquivo OK

0	13:22:34.787	investMVC EURUSD,M5: arquivo OK

0	13:22:35.140	investMVC EURUSD,M5: arquivo OK

0	13:22:39.086	investMVC EURUSD,M5: arquivo OK

0	13:22:39.114	investMVC EURUSD,M5: arquivo OK

0	13:22:41.149	investMVC EURUSD,M5: arquivo OK

0	13:22:44.828	investMVC EURUSD,M5: arquivo OK

0	13:22:45.085	investMVC EURUSD,M5: arquivo OK

0	13:22:45.868	investMVC EURUSD,M5: arquivo OK

0	13:22:50.929	investMVC EURUSD,M5: arquivo OK

0	13:22:51.227	investMVC EURUSD,M5: arquivo OK

0	13:22:51.360	investMVC EURUSD,M5: arquivo OK

0	13:22:52.219	investMVC EURUSD,M5: arquivo OK

0	13:22:52.504	investMVC EURUSD,M5: arquivo OK

0	13:22:56.061	investMVC EURUSD,M5: arquivo OK

0	13:22:56.730	investMVC EURUSD,M5: arquivo OK

0	13:22:56.952	investMVC EURUSD,M5: arquivo OK

0	13:22:57.204	investMVC EURUSD,M5: arquivo OK

0	13:22:57.400	investMVC EURUSD,M5: arquivo OK

0	13:23:02.122	investMVC EURUSD,M5: arquivo OK

0	13:23:02.567	investMVC EURUSD,M5: arquivo OK

0	13:23:02.826	investMVC EURUSD,M5: arquivo OK

0	13:23:02.926	investMVC EURUSD,M5: arquivo OK

0	13:23:03.757	investMVC EURUSD,M5: arquivo OK

0	13:23:06.938	investMVC EURUSD,M5: arquivo OK

0	13:23:07.117	investMVC EURUSD,M5: arquivo OK

0	13:23:07.288	investMVC EURUSD,M5: arquivo OK

0	13:23:10.137	investMVC EURUSD,M5: arquivo OK

0	13:23:11.157	investMVC EURUSD,M5: arquivo OK

0	13:23:11.351	investMVC EURUSD,M5: arquivo OK

0	13:23:15.987	investMVC EURUSD,M5: arquivo OK

0	13:23:17.319	investMVC EURUSD,M5: arquivo OK

0	13:23:17.822	investMVC EURUSD,M5: arquivo OK

0	13:23:20.049	investMVC EURUSD,M5: arquivo OK

0	13:23:20.543	investMVC EURUSD,M5: arquivo OK

0	13:23:20.705	investMVC EURUSD,M5: arquivo OK

0	13:23:20.886	investMVC EURUSD,M5: arquivo OK

0	13:23:26.034	investMVC EURUSD,M5: arquivo OK

0	13:23:30.547	investMVC EURUSD,M5: arquivo OK

0	13:23:31.118	investMVC EURUSD,M5: arquivo OK

0	13:23:34.905	investMVC EURUSD,M5: arquivo OK

0	13:23:38.468	investMVC EURUSD,M5: arquivo OK

0	13:23:39.366	investMVC EURUSD,M5: arquivo OK

0	13:23:47.777	investMVC EURUSD,M5: arquivo OK

0	13:23:48.338	investMVC EURUSD,M5: arquivo OK

0	13:23:48.624	investMVC EURUSD,M5: arquivo OK

0	13:23:48.857	investMVC EURUSD,M5: arquivo OK

0	13:23:49.194	investMVC EURUSD,M5: arquivo OK

0	13:23:49.303	investMVC EURUSD,M5: arquivo OK

0	13:23:49.338	investMVC EURUSD,M5: arquivo OK

0	13:23:49.435	investMVC EURUSD,M5: arquivo OK

0	13:23:49.625	investMVC EURUSD,M5: arquivo OK

0	13:23:49.704	investMVC EURUSD,M5: arquivo OK

0	13:23:50.117	investMVC EURUSD,M5: arquivo OK

0	13:23:50.601	investMVC EURUSD,M5: arquivo OK

0	13:23:52.098	investMVC EURUSD,M5: arquivo OK

0	13:23:58.577	investMVC EURUSD,M5: arquivo OK

0	13:23:58.949	investMVC EURUSD,M5: arquivo OK

0	13:23:59.813	investMVC EURUSD,M5: arquivo OK

0	13:24:00.092	investMVC EURUSD,M5: arquivo OK

0	13:24:00.621	investMVC EURUSD,M5: arquivo OK

0	13:24:03.207	investMVC EURUSD,M5: arquivo OK

0	13:24:11.081	investMVC EURUSD,M5: arquivo OK

0	13:24:11.623	investMVC EURUSD,M5: arquivo OK

0	13:24:12.557	investMVC EURUSD,M5: arquivo OK

0	13:24:12.767	investMVC EURUSD,M5: arquivo OK

0	13:24:13.669	investMVC EURUSD,M5: arquivo OK

0	13:24:15.772	investMVC EURUSD,M5: arquivo OK

0	13:24:16.235	investMVC EURUSD,M5: arquivo OK

0	13:24:17.591	investMVC EURUSD,M5: arquivo OK

0	13:24:18.090	investMVC EURUSD,M5: arquivo OK

0	13:24:18.235	investMVC EURUSD,M5: arquivo OK

0	13:24:18.353	investMVC EURUSD,M5: arquivo OK

0	13:24:18.662	investMVC EURUSD,M5: arquivo OK

0	13:24:18.974	investMVC EURUSD,M5: arquivo OK

0	13:24:19.061	investMVC EURUSD,M5: arquivo OK

0	13:24:19.133	investMVC EURUSD,M5: arquivo OK

0	13:24:20.519	investMVC EURUSD,M5: arquivo OK

0	13:24:20.691	investMVC EURUSD,M5: arquivo OK

0	13:24:20.909	investMVC EURUSD,M5: arquivo OK

0	13:24:21.298	investMVC EURUSD,M5: arquivo OK

0	13:24:22.853	investMVC EURUSD,M5: arquivo OK

0	13:24:26.928	investMVC EURUSD,M5: arquivo OK

0	13:24:27.552	investMVC EURUSD,M5: arquivo OK

0	13:24:29.852	investMVC EURUSD,M5: arquivo OK

0	13:24:31.394	investMVC EURUSD,M5: arquivo OK

0	13:24:31.630	investMVC EURUSD,M5: arquivo OK

0	13:24:31.871	investMVC EURUSD,M5: arquivo OK

0	13:24:32.182	investMVC EURUSD,M5: arquivo OK

0	13:24:32.485	investMVC EURUSD,M5: arquivo OK

0	13:24:32.542	investMVC EURUSD,M5: arquivo OK

0	13:24:33.018	investMVC EURUSD,M5: arquivo OK

0	13:24:33.781	investMVC EURUSD,M5: arquivo OK

0	13:24:34.616	investMVC EURUSD,M5: arquivo OK

0	13:24:36.684	investMVC EURUSD,M5: arquivo OK

0	13:24:37.781	investMVC EURUSD,M5: arquivo OK

0	13:24:40.296	investMVC EURUSD,M5: arquivo OK

0	13:24:41.856	investMVC EURUSD,M5: arquivo OK

0	13:24:44.183	investMVC EURUSD,M5: arquivo OK

0	13:24:44.518	investMVC EURUSD,M5: arquivo OK

0	13:24:45.128	investMVC EURUSD,M5: arquivo OK

0	13:24:49.421	investMVC EURUSD,M5: arquivo OK

0	13:24:49.563	investMVC EURUSD,M5: arquivo OK

0	13:24:50.397	investMVC EURUSD,M5: arquivo OK

0	13:24:51.308	investMVC EURUSD,M5: arquivo OK

0	13:24:51.659	investMVC EURUSD,M5: arquivo OK

0	13:24:53.545	investMVC EURUSD,M5: arquivo OK

0	13:24:53.682	investMVC EURUSD,M5: arquivo OK

0	13:24:54.006	investMVC EURUSD,M5: arquivo OK

0	13:24:54.190	investMVC EURUSD,M5: arquivo OK

0	13:24:54.389	investMVC EURUSD,M5: arquivo OK

0	13:24:54.666	investMVC EURUSD,M5: arquivo OK

0	13:24:54.835	investMVC EURUSD,M5: arquivo OK

0	13:24:55.295	investMVC EURUSD,M5: arquivo OK

0	13:24:56.217	investMVC EURUSD,M5: arquivo OK

0	13:24:56.486	investMVC EURUSD,M5: arquivo OK

0	13:24:56.787	investMVC EURUSD,M5: arquivo OK

0	13:24:57.316	investMVC EURUSD,M5: arquivo OK

0	13:24:59.962	investMVC EURUSD,M5: arquivo OK

0	13:25:00.130	investMVC EURUSD,M5: arquivo OK

0	13:25:00.736	investMVC EURUSD,M5: arquivo OK

0	13:25:01.624	investMVC EURUSD,M5: arquivo OK

0	13:25:01.908	investMVC EURUSD,M5: arquivo OK

0	13:25:02.617	investMVC EURUSD,M5: arquivo OK

0	13:25:03.006	investMVC EURUSD,M5: arquivo OK

0	13:25:03.583	investMVC EURUSD,M5: arquivo OK

0	13:25:04.308	investMVC EURUSD,M5: arquivo OK

0	13:25:04.399	investMVC EURUSD,M5: arquivo OK

0	13:25:05.238	investMVC EURUSD,M5: arquivo OK

0	13:25:08.182	investMVC EURUSD,M5: arquivo OK

0	13:25:09.568	investMVC EURUSD,M5: arquivo OK

0	13:25:10.121	investMVC EURUSD,M5: arquivo OK

0	13:25:10.896	investMVC EURUSD,M5: arquivo OK

0	13:25:12.157	investMVC EURUSD,M5: arquivo OK

0	13:25:12.455	investMVC EURUSD,M5: arquivo OK

0	13:25:13.405	investMVC EURUSD,M5: arquivo OK

0	13:25:13.516	investMVC EURUSD,M5: arquivo OK

0	13:25:14.182	investMVC EURUSD,M5: arquivo OK

0	13:25:17.137	investMVC EURUSD,M5: arquivo OK

0	13:25:18.147	investMVC EURUSD,M5: arquivo OK

0	13:25:19.159	investMVC EURUSD,M5: arquivo OK

0	13:25:20.049	investMVC EURUSD,M5: arquivo OK

0	13:25:20.842	investMVC EURUSD,M5: arquivo OK

0	13:25:20.843	investMVC EURUSD,M5: arquivo OK

0	13:25:21.450	investMVC EURUSD,M5: arquivo OK

0	13:25:21.726	investMVC EURUSD,M5: arquivo OK

0	13:25:25.328	investMVC EURUSD,M5: arquivo OK

0	13:25:28.636	investMVC EURUSD,M5: arquivo OK

0	13:25:30.261	investMVC EURUSD,M5: arquivo OK

0	13:25:31.427	investMVC EURUSD,M5: arquivo OK

0	13:25:31.539	investMVC EURUSD,M5: arquivo OK

0	13:25:31.687	investMVC EURUSD,M5: arquivo OK

0	13:25:32.198	investMVC EURUSD,M5: arquivo OK

0	13:25:32.430	investMVC EURUSD,M5: arquivo OK

0	13:25:32.867	investMVC EURUSD,M5: arquivo OK

0	13:25:33.808	investMVC EURUSD,M5: arquivo OK

0	13:25:34.006	investMVC EURUSD,M5: arquivo OK

0	13:25:34.053	investMVC EURUSD,M5: arquivo OK

0	13:25:35.698	investMVC EURUSD,M5: arquivo OK

0	13:25:47.881	investMVC EURUSD,M5: arquivo OK

0	13:25:47.980	investMVC EURUSD,M5: arquivo OK

0	13:25:48.022	investMVC EURUSD,M5: arquivo OK

0	13:25:50.854	investMVC EURUSD,M5: arquivo OK

0	13:25:50.953	investMVC EURUSD,M5: arquivo OK

0	13:25:51.155	investMVC EURUSD,M5: arquivo OK

0	13:25:52.855	investMVC EURUSD,M5: arquivo OK

0	13:25:53.782	investMVC EURUSD,M5: arquivo OK

0	13:25:53.991	investMVC EURUSD,M5: arquivo OK

0	13:25:54.963	investMVC EURUSD,M5: arquivo OK

0	13:25:55.233	investMVC EURUSD,M5: arquivo OK

0	13:25:55.617	investMVC EURUSD,M5: arquivo OK

0	13:25:55.792	investMVC EURUSD,M5: arquivo OK

0	13:25:58.453	investMVC EURUSD,M5: arquivo OK

0	13:26:09.743	investMVC EURUSD,M5: arquivo OK

0	13:26:10.536	investMVC EURUSD,M5: arquivo OK

0	13:26:10.641	investMVC EURUSD,M5: arquivo OK

0	13:26:11.221	investMVC EURUSD,M5: arquivo OK

0	13:26:11.543	investMVC EURUSD,M5: arquivo OK

0	13:26:12.346	investMVC EURUSD,M5: arquivo OK

0	13:26:12.741	investMVC EURUSD,M5: arquivo OK

0	13:26:12.984	investMVC EURUSD,M5: arquivo OK

0	13:26:13.239	investMVC EURUSD,M5: arquivo OK

0	13:26:13.406	investMVC EURUSD,M5: arquivo OK

0	13:26:14.062	investMVC EURUSD,M5: arquivo OK

0	13:26:14.382	investMVC EURUSD,M5: arquivo OK

0	13:26:14.731	investMVC EURUSD,M5: arquivo OK

0	13:26:14.810	investMVC EURUSD,M5: arquivo OK

0	13:26:14.923	investMVC EURUSD,M5: arquivo OK

0	13:26:15.464	investMVC EURUSD,M5: arquivo OK

0	13:26:15.766	investMVC EURUSD,M5: arquivo OK

0	13:26:15.985	investMVC EURUSD,M5: arquivo OK

0	13:26:16.198	investMVC EURUSD,M5: arquivo OK

0	13:26:16.582	investMVC EURUSD,M5: arquivo OK

0	13:26:16.740	investMVC EURUSD,M5: arquivo OK

0	13:26:17.055	investMVC EURUSD,M5: arquivo OK

0	13:26:17.642	investMVC EURUSD,M5: arquivo OK

0	13:26:17.723	investMVC EURUSD,M5: arquivo OK

0	13:26:17.806	investMVC EURUSD,M5: arquivo OK

0	13:26:18.485	investMVC EURUSD,M5: arquivo OK

0	13:26:19.041	investMVC EURUSD,M5: arquivo OK

0	13:26:19.292	investMVC EURUSD,M5: arquivo OK

0	13:26:19.492	investMVC EURUSD,M5: arquivo OK

0	13:26:19.692	investMVC EURUSD,M5: arquivo OK

0	13:26:19.857	investMVC EURUSD,M5: arquivo OK

0	13:26:20.436	investMVC EURUSD,M5: arquivo OK

0	13:26:20.560	investMVC EURUSD,M5: arquivo OK

0	13:26:21.443	investMVC EURUSD,M5: arquivo OK

0	13:26:21.804	investMVC EURUSD,M5: arquivo OK

0	13:26:22.820	investMVC EURUSD,M5: arquivo OK

0	13:26:23.290	investMVC EURUSD,M5: arquivo OK

0	13:26:23.503	investMVC EURUSD,M5: arquivo OK

0	13:26:23.581	investMVC EURUSD,M5: arquivo OK

0	13:26:28.889	investMVC EURUSD,M5: arquivo OK

0	13:26:29.140	investMVC EURUSD,M5: arquivo OK

0	13:26:31.750	investMVC EURUSD,M5: arquivo OK

0	13:26:33.832	investMVC EURUSD,M5: arquivo OK

0	13:26:33.992	investMVC EURUSD,M5: arquivo OK

0	13:26:34.141	investMVC EURUSD,M5: arquivo OK

0	13:26:34.384	investMVC EURUSD,M5: arquivo OK

0	13:26:34.584	investMVC EURUSD,M5: arquivo OK

0	13:26:34.867	investMVC EURUSD,M5: arquivo OK

0	13:26:35.590	investMVC EURUSD,M5: arquivo OK

0	13:26:40.560	investMVC EURUSD,M5: arquivo OK

0	13:26:42.281	investMVC EURUSD,M5: arquivo OK

0	13:26:42.904	investMVC EURUSD,M5: arquivo OK

0	13:26:43.562	investMVC EURUSD,M5: arquivo OK

0	13:26:44.281	investMVC EURUSD,M5: arquivo OK

0	13:26:44.726	investMVC EURUSD,M5: arquivo OK

0	13:26:47.406	investMVC EURUSD,M5: arquivo OK

0	13:26:47.795	investMVC EURUSD,M5: arquivo OK

0	13:26:47.986	investMVC EURUSD,M5: arquivo OK

0	13:26:48.191	investMVC EURUSD,M5: arquivo OK

0	13:26:48.539	investMVC EURUSD,M5: arquivo OK

0	13:26:48.688	investMVC EURUSD,M5: arquivo OK

0	13:26:48.939	investMVC EURUSD,M5: arquivo OK

0	13:26:49.144	investMVC EURUSD,M5: arquivo OK

0	13:26:49.781	investMVC EURUSD,M5: arquivo OK

0	13:26:51.867	investMVC EURUSD,M5: arquivo OK

0	13:26:52.421	investMVC EURUSD,M5: arquivo OK

0	13:26:52.867	investMVC EURUSD,M5: arquivo OK

0	13:26:53.154	investMVC EURUSD,M5: arquivo OK

0	13:26:53.763	investMVC EURUSD,M5: arquivo OK

0	13:26:53.931	investMVC EURUSD,M5: arquivo OK

0	13:26:57.050	investMVC EURUSD,M5: arquivo OK

0	13:26:57.268	investMVC EURUSD,M5: arquivo OK

0	13:27:01.229	investMVC EURUSD,M5: arquivo OK

0	13:27:02.069	investMVC EURUSD,M5: arquivo OK

0	13:27:02.261	investMVC EURUSD,M5: arquivo OK

0	13:27:02.499	investMVC EURUSD,M5: arquivo OK

0	13:27:02.663	investMVC EURUSD,M5: arquivo OK

0	13:27:04.629	investMVC EURUSD,M5: arquivo OK

0	13:27:04.813	investMVC EURUSD,M5: arquivo OK

0	13:27:05.839	investMVC EURUSD,M5: arquivo OK

0	13:27:07.642	investMVC EURUSD,M5: arquivo OK

0	13:27:07.918	investMVC EURUSD,M5: arquivo OK

0	13:27:08.229	investMVC EURUSD,M5: arquivo OK

0	13:27:08.939	investMVC EURUSD,M5: arquivo OK

0	13:27:09.349	investMVC EURUSD,M5: arquivo OK

0	13:27:11.403	investMVC EURUSD,M5: arquivo OK

0	13:27:11.536	investMVC EURUSD,M5: arquivo OK

0	13:27:11.730	investMVC EURUSD,M5: arquivo OK

0	13:27:11.981	investMVC EURUSD,M5: arquivo OK

0	13:27:12.198	investMVC EURUSD,M5: arquivo OK

0	13:27:13.401	investMVC EURUSD,M5: arquivo OK

0	13:27:15.612	investMVC EURUSD,M5: arquivo OK

0	13:27:17.511	investMVC EURUSD,M5: arquivo OK

0	13:27:18.080	investMVC EURUSD,M5: arquivo OK

0	13:27:18.281	investMVC EURUSD,M5: arquivo OK

0	13:27:18.432	investMVC EURUSD,M5: arquivo OK

0	13:27:18.799	investMVC EURUSD,M5: arquivo OK

0	13:27:20.682	investMVC EURUSD,M5: arquivo OK

0	13:27:23.978	investMVC EURUSD,M5: arquivo OK

0	13:27:24.184	investMVC EURUSD,M5: arquivo OK

0	13:27:24.341	investMVC EURUSD,M5: arquivo OK

0	13:27:24.483	investMVC EURUSD,M5: arquivo OK

0	13:27:24.653	investMVC EURUSD,M5: arquivo OK

0	13:27:25.806	investMVC EURUSD,M5: arquivo OK

0	13:27:26.813	investMVC EURUSD,M5: arquivo OK

0	13:27:26.892	investMVC EURUSD,M5: arquivo OK

0	13:27:27.022	investMVC EURUSD,M5: arquivo OK

0	13:27:30.559	investMVC EURUSD,M5: arquivo OK

0	13:27:30.759	investMVC EURUSD,M5: arquivo OK

0	13:27:35.140	investMVC EURUSD,M5: arquivo OK

0	13:27:35.531	investMVC EURUSD,M5: arquivo OK

0	13:27:38.581	investMVC EURUSD,M5: arquivo OK

0	13:27:39.883	investMVC EURUSD,M5: arquivo OK

0	13:27:40.189	investMVC EURUSD,M5: arquivo OK

0	13:27:40.505	investMVC EURUSD,M5: arquivo OK

0	13:27:40.531	investMVC EURUSD,M5: arquivo OK

0	13:27:40.541	investMVC EURUSD,M5: arquivo OK

0	13:27:40.888	investMVC EURUSD,M5: arquivo OK

0	13:27:41.064	investMVC EURUSD,M5: arquivo OK

0	13:27:41.261	investMVC EURUSD,M5: arquivo OK

0	13:27:42.219	investMVC EURUSD,M5: arquivo OK

0	13:27:42.404	investMVC EURUSD,M5: arquivo OK

0	13:27:42.629	investMVC EURUSD,M5: arquivo OK

0	13:27:43.039	investMVC EURUSD,M5: arquivo OK

0	13:27:44.423	investMVC EURUSD,M5: arquivo OK

0	13:27:45.173	investMVC EURUSD,M5: arquivo OK

0	13:27:46.061	investMVC EURUSD,M5: arquivo OK

0	13:27:46.981	investMVC EURUSD,M5: arquivo OK

0	13:27:49.828	investMVC EURUSD,M5: arquivo OK

0	13:27:53.889	investMVC EURUSD,M5: arquivo OK

0	13:27:55.301	investMVC EURUSD,M5: arquivo OK

0	13:27:56.010	investMVC EURUSD,M5: arquivo OK

0	13:27:56.113	investMVC EURUSD,M5: arquivo OK

0	13:27:56.290	investMVC EURUSD,M5: arquivo OK

0	13:27:56.433	investMVC EURUSD,M5: arquivo OK

0	13:27:56.613	investMVC EURUSD,M5: arquivo OK

0	13:27:57.035	investMVC EURUSD,M5: arquivo OK

0	13:27:57.209	investMVC EURUSD,M5: arquivo OK

0	13:27:58.806	investMVC EURUSD,M5: arquivo OK

0	13:27:59.093	investMVC EURUSD,M5: arquivo OK

0	13:27:59.239	investMVC EURUSD,M5: arquivo OK

0	13:27:59.592	investMVC EURUSD,M5: arquivo OK

0	13:28:00.118	investMVC EURUSD,M5: arquivo OK

0	13:28:00.676	investMVC EURUSD,M5: arquivo OK

0	13:28:02.450	investMVC EURUSD,M5: arquivo OK

0	13:28:02.623	investMVC EURUSD,M5: arquivo OK

0	13:28:02.839	investMVC EURUSD,M5: arquivo OK

0	13:28:03.314	investMVC EURUSD,M5: arquivo OK

0	13:28:04.739	investMVC EURUSD,M5: arquivo OK

0	13:28:05.867	investMVC EURUSD,M5: arquivo OK

0	13:28:06.420	investMVC EURUSD,M5: arquivo OK

0	13:28:06.910	investMVC EURUSD,M5: arquivo OK

0	13:28:07.019	investMVC EURUSD,M5: arquivo OK

0	13:28:09.671	investMVC EURUSD,M5: arquivo OK

0	13:28:13.682	investMVC EURUSD,M5: arquivo OK

0	13:28:14.616	investMVC EURUSD,M5: arquivo OK

0	13:28:15.139	investMVC EURUSD,M5: arquivo OK

0	13:28:15.864	investMVC EURUSD,M5: arquivo OK

0	13:28:16.380	investMVC EURUSD,M5: arquivo OK

0	13:28:17.270	investMVC EURUSD,M5: arquivo OK

0	13:28:17.350	investMVC EURUSD,M5: arquivo OK

0	13:28:17.962	investMVC EURUSD,M5: arquivo OK

0	13:28:29.295	investMVC EURUSD,M5: arquivo OK

0	13:28:47.703	investMVC EURUSD,M5: arquivo OK

0	13:28:49.529	investMVC EURUSD,M5: arquivo OK

0	13:28:49.949	investMVC EURUSD,M5: arquivo OK

0	13:28:50.458	investMVC EURUSD,M5: arquivo OK

0	13:28:50.537	investMVC EURUSD,M5: arquivo OK

0	13:28:50.828	investMVC EURUSD,M5: arquivo OK

0	13:28:55.080	investMVC EURUSD,M5: arquivo OK

0	13:28:55.898	investMVC EURUSD,M5: arquivo OK

0	13:28:56.448	investMVC EURUSD,M5: arquivo OK

0	13:28:56.782	investMVC EURUSD,M5: arquivo OK

0	13:28:57.180	investMVC EURUSD,M5: arquivo OK

0	13:28:57.580	investMVC EURUSD,M5: arquivo OK

0	13:28:57.962	investMVC EURUSD,M5: arquivo OK

0	13:28:58.048	investMVC EURUSD,M5: arquivo OK

0	13:28:58.289	investMVC EURUSD,M5: arquivo OK

0	13:28:58.582	investMVC EURUSD,M5: arquivo OK

0	13:28:58.749	investMVC EURUSD,M5: arquivo OK

0	13:28:59.061	investMVC EURUSD,M5: arquivo OK

0	13:28:59.635	investMVC EURUSD,M5: arquivo OK

0	13:29:00.020	investMVC EURUSD,M5: arquivo OK

0	13:29:00.685	investMVC EURUSD,M5: arquivo OK

0	13:29:00.881	investMVC EURUSD,M5: arquivo OK

0	13:29:03.408	investMVC EURUSD,M5: arquivo OK

0	13:29:03.788	investMVC EURUSD,M5: arquivo OK

0	13:29:03.953	investMVC EURUSD,M5: arquivo OK

0	13:29:05.644	investMVC EURUSD,M5: arquivo OK

0	13:29:05.795	investMVC EURUSD,M5: arquivo OK

0	13:29:06.080	investMVC EURUSD,M5: arquivo OK

0	13:29:06.505	investMVC EURUSD,M5: arquivo OK

0	13:29:07.739	investMVC EURUSD,M5: arquivo OK

0	13:29:08.542	investMVC EURUSD,M5: arquivo OK

0	13:29:08.709	investMVC EURUSD,M5: arquivo OK

0	13:29:09.990	investMVC EURUSD,M5: arquivo OK

0	13:29:10.508	investMVC EURUSD,M5: arquivo OK

0	13:29:11.133	investMVC EURUSD,M5: arquivo OK

0	13:29:11.537	investMVC EURUSD,M5: arquivo OK

0	13:29:12.099	investMVC EURUSD,M5: arquivo OK

0	13:29:14.078	investMVC EURUSD,M5: arquivo OK

0	13:29:15.060	investMVC EURUSD,M5: arquivo OK

0	13:29:15.562	investMVC EURUSD,M5: arquivo OK

0	13:29:15.732	investMVC EURUSD,M5: arquivo OK

0	13:29:16.373	investMVC EURUSD,M5: arquivo OK

0	13:29:17.069	investMVC EURUSD,M5: arquivo OK

0	13:29:17.513	investMVC EURUSD,M5: arquivo OK

0	13:29:19.408	investMVC EURUSD,M5: arquivo OK

0	13:29:19.659	investMVC EURUSD,M5: arquivo OK

0	13:29:20.320	investMVC EURUSD,M5: arquivo OK

0	13:29:21.109	investMVC EURUSD,M5: arquivo OK

0	13:29:22.738	investMVC EURUSD,M5: arquivo OK

0	13:29:23.398	investMVC EURUSD,M5: arquivo OK

0	13:29:23.608	investMVC EURUSD,M5: arquivo OK

0	13:29:23.745	investMVC EURUSD,M5: arquivo OK

0	13:29:24.594	investMVC EURUSD,M5: arquivo OK

0	13:29:24.939	investMVC EURUSD,M5: arquivo OK

0	13:29:25.979	investMVC EURUSD,M5: arquivo OK

0	13:29:26.007	investMVC EURUSD,M5: arquivo OK

0	13:29:31.159	investMVC EURUSD,M5: arquivo OK

0	13:29:34.149	investMVC EURUSD,M5: arquivo OK

0	13:29:34.342	investMVC EURUSD,M5: arquivo OK

0	13:29:34.720	investMVC EURUSD,M5: arquivo OK

0	13:29:37.321	investMVC EURUSD,M5: arquivo OK

0	13:29:37.538	investMVC EURUSD,M5: arquivo OK

0	13:29:37.688	investMVC EURUSD,M5: arquivo OK

0	13:29:37.791	investMVC EURUSD,M5: arquivo OK

0	13:29:37.982	investMVC EURUSD,M5: arquivo OK

0	13:29:38.672	investMVC EURUSD,M5: arquivo OK

0	13:29:38.853	investMVC EURUSD,M5: arquivo OK

0	13:29:39.184	investMVC EURUSD,M5: arquivo OK

0	13:29:42.034	investMVC EURUSD,M5: arquivo OK

0	13:29:42.269	investMVC EURUSD,M5: arquivo OK

0	13:29:42.321	investMVC EURUSD,M5: arquivo OK

0	13:29:44.299	investMVC EURUSD,M5: arquivo OK

0	13:29:46.471	investMVC EURUSD,M5: arquivo OK

0	13:29:46.746	investMVC EURUSD,M5: arquivo OK

0	13:29:46.819	investMVC EURUSD,M5: arquivo OK

0	13:29:46.981	investMVC EURUSD,M5: arquivo OK

0	13:29:47.131	investMVC EURUSD,M5: arquivo OK

0	13:29:47.555	investMVC EURUSD,M5: arquivo OK

0	13:29:50.760	investMVC EURUSD,M5: arquivo OK

0	13:29:50.872	investMVC EURUSD,M5: arquivo OK

0	13:29:51.050	investMVC EURUSD,M5: arquivo OK

0	13:29:51.109	investMVC EURUSD,M5: arquivo OK

0	13:29:53.503	investMVC EURUSD,M5: arquivo OK

0	13:29:53.698	investMVC EURUSD,M5: arquivo OK

0	13:29:59.629	investMVC EURUSD,M5: arquivo OK

0	13:30:03.424	investMVC EURUSD,M5: arquivo OK

0	13:30:04.776	investMVC EURUSD,M5: arquivo OK

0	13:30:05.742	investMVC EURUSD,M5: arquivo OK

0	13:30:07.554	investMVC EURUSD,M5: arquivo OK

0	13:30:31.048	investMVC EURUSD,M5: arquivo OK

0	13:30:31.066	investMVC EURUSD,M5: arquivo OK

0	13:30:31.137	investMVC EURUSD,M5: arquivo OK

0	13:30:31.489	investMVC EURUSD,M5: arquivo OK

0	13:30:31.836	investMVC EURUSD,M5: arquivo OK

0	13:30:31.905	investMVC EURUSD,M5: arquivo OK

0	13:30:34.007	investMVC EURUSD,M5: arquivo OK

0	13:30:34.240	investMVC EURUSD,M5: arquivo OK

0	13:30:34.889	investMVC EURUSD,M5: arquivo OK

0	13:30:35.620	investMVC EURUSD,M5: arquivo OK

0	13:30:41.740	investMVC EURUSD,M5: arquivo OK

0	13:30:41.798	investMVC EURUSD,M5: arquivo OK

0	13:30:50.225	investMVC EURUSD,M5: arquivo OK

0	13:30:51.528	investMVC EURUSD,M5: arquivo OK

0	13:30:53.383	investMVC EURUSD,M5: arquivo OK

0	13:30:56.312	investMVC EURUSD,M5: arquivo OK

0	13:30:59.933	investMVC EURUSD,M5: arquivo OK

0	13:31:01.419	investMVC EURUSD,M5: arquivo OK

0	13:31:01.426	investMVC EURUSD,M5: arquivo OK

0	13:31:01.448	investMVC EURUSD,M5: arquivo OK

0	13:31:01.547	investMVC EURUSD,M5: arquivo OK

0	13:31:01.549	investMVC EURUSD,M5: arquivo OK

0	13:31:01.572	investMVC EURUSD,M5: arquivo OK

0	13:31:02.042	investMVC EURUSD,M5: arquivo OK

0	13:31:02.225	investMVC EURUSD,M5: arquivo OK

0	13:31:02.421	investMVC EURUSD,M5: arquivo OK

0	13:31:02.623	investMVC EURUSD,M5: arquivo OK

0	13:31:03.332	investMVC EURUSD,M5: arquivo OK

0	13:31:05.852	investMVC EURUSD,M5: arquivo OK

0	13:31:07.580	investMVC EURUSD,M5: arquivo OK

0	13:31:07.940	investMVC EURUSD,M5: arquivo OK

0	13:31:08.672	investMVC EURUSD,M5: arquivo OK

0	13:31:08.941	investMVC EURUSD,M5: arquivo OK

0	13:31:10.652	investMVC EURUSD,M5: arquivo OK

0	13:31:15.715	investMVC EURUSD,M5: arquivo OK

0	13:31:16.082	investMVC EURUSD,M5: arquivo OK

0	13:31:20.220	investMVC EURUSD,M5: arquivo OK

0	13:31:20.583	investMVC EURUSD,M5: arquivo OK

0	13:31:21.670	investMVC EURUSD,M5: arquivo OK

0	13:31:23.225	investMVC EURUSD,M5: arquivo OK

0	13:31:23.791	investMVC EURUSD,M5: arquivo OK

0	13:31:24.092	investMVC EURUSD,M5: arquivo OK

0	13:31:24.337	investMVC EURUSD,M5: arquivo OK

0	13:31:24.431	investMVC EURUSD,M5: arquivo OK

0	13:31:25.683	investMVC EURUSD,M5: arquivo OK

0	13:31:26.681	investMVC EURUSD,M5: arquivo OK

0	13:31:26.976	investMVC EURUSD,M5: arquivo OK

0	13:31:28.006	investMVC EURUSD,M5: arquivo OK

0	13:31:32.028	investMVC EURUSD,M5: arquivo OK

0	13:31:36.490	investMVC EURUSD,M5: arquivo OK

0	13:31:37.312	investMVC EURUSD,M5: arquivo OK

0	13:31:42.993	investMVC EURUSD,M5: arquivo OK

0	13:31:44.831	investMVC EURUSD,M5: arquivo OK

0	13:31:44.921	investMVC EURUSD,M5: arquivo OK

0	13:31:45.408	investMVC EURUSD,M5: arquivo OK

0	13:31:45.468	investMVC EURUSD,M5: arquivo OK

0	13:31:45.554	investMVC EURUSD,M5: arquivo OK

0	13:31:45.855	investMVC EURUSD,M5: arquivo OK

0	13:31:46.133	investMVC EURUSD,M5: arquivo OK

0	13:31:46.322	investMVC EURUSD,M5: arquivo OK

0	13:31:47.145	investMVC EURUSD,M5: arquivo OK

0	13:31:48.963	investMVC EURUSD,M5: arquivo OK

0	13:31:50.082	investMVC EURUSD,M5: arquivo OK

0	13:31:59.061	investMVC EURUSD,M5: arquivo OK

0	13:31:59.386	investMVC EURUSD,M5: arquivo OK

0	13:32:02.308	investMVC EURUSD,M5: arquivo OK

0	13:32:06.334	investMVC EURUSD,M5: arquivo OK

0	13:32:06.533	investMVC EURUSD,M5: arquivo OK

0	13:32:10.140	investMVC EURUSD,M5: arquivo OK

0	13:32:14.470	investMVC EURUSD,M5: arquivo OK

0	13:32:15.176	investMVC EURUSD,M5: arquivo OK

0	13:32:33.461	investMVC EURUSD,M5: arquivo OK

0	13:32:34.650	investMVC EURUSD,M5: arquivo OK

0	13:32:34.768	investMVC EURUSD,M5: arquivo OK

0	13:32:36.763	investMVC EURUSD,M5: arquivo OK

0	13:32:44.482	investMVC EURUSD,M5: arquivo OK

0	13:32:47.975	investMVC EURUSD,M5: arquivo OK

0	13:32:48.431	investMVC EURUSD,M5: arquivo OK

0	13:32:49.838	investMVC EURUSD,M5: arquivo OK

0	13:32:59.410	investMVC EURUSD,M5: arquivo OK

0	13:32:59.892	investMVC EURUSD,M5: arquivo OK

0	13:33:00.328	investMVC EURUSD,M5: arquivo OK

0	13:33:20.572	investMVC EURUSD,M5: arquivo OK

0	13:33:20.755	investMVC EURUSD,M5: arquivo OK

0	13:33:20.757	investMVC EURUSD,M5: arquivo OK

0	13:33:25.637	investMVC EURUSD,M5: arquivo OK

0	13:33:28.778	investMVC EURUSD,M5: arquivo OK

0	13:33:28.852	investMVC EURUSD,M5: arquivo OK

0	13:33:30.736	investMVC EURUSD,M5: arquivo OK

0	13:33:34.337	investMVC EURUSD,M5: arquivo OK

0	13:33:34.636	investMVC EURUSD,M5: arquivo OK

0	13:33:35.233	investMVC EURUSD,M5: arquivo OK

0	13:33:38.032	investMVC EURUSD,M5: arquivo OK

0	13:33:40.825	investMVC EURUSD,M5: arquivo OK

0	13:33:45.973	investMVC EURUSD,M5: arquivo OK

0	13:33:46.731	investMVC EURUSD,M5: arquivo OK

0	13:33:48.215	investMVC EURUSD,M5: arquivo OK

0	13:33:48.942	investMVC EURUSD,M5: arquivo OK

0	13:33:49.385	investMVC EURUSD,M5: arquivo OK

0	13:33:49.817	investMVC EURUSD,M5: arquivo OK

0	13:33:49.889	investMVC EURUSD,M5: arquivo OK

0	13:33:50.157	investMVC EURUSD,M5: arquivo OK

0	13:33:50.663	investMVC EURUSD,M5: arquivo OK

0	13:33:52.911	investMVC EURUSD,M5: arquivo OK

0	13:33:53.475	investMVC EURUSD,M5: arquivo OK

0	13:33:55.418	investMVC EURUSD,M5: arquivo OK

0	13:33:55.665	investMVC EURUSD,M5: arquivo OK

0	13:33:56.058	investMVC EURUSD,M5: arquivo OK

0	13:34:05.998	investMVC EURUSD,M5: arquivo OK

0	13:34:07.158	investMVC EURUSD,M5: arquivo OK

0	13:34:07.357	investMVC EURUSD,M5: arquivo OK

0	13:34:07.390	investMVC EURUSD,M5: arquivo OK

0	13:34:08.309	investMVC EURUSD,M5: arquivo OK

0	13:34:11.251	investMVC EURUSD,M5: arquivo OK

0	13:34:13.133	investMVC EURUSD,M5: arquivo OK

0	13:34:14.699	investMVC EURUSD,M5: arquivo OK

0	13:34:16.829	investMVC EURUSD,M5: arquivo OK

0	13:34:19.490	investMVC EURUSD,M5: arquivo OK

0	13:34:28.844	investMVC EURUSD,M5: arquivo OK

0	13:34:30.070	investMVC EURUSD,M5: arquivo OK

0	13:34:30.319	investMVC EURUSD,M5: arquivo OK

0	13:34:32.149	investMVC EURUSD,M5: arquivo OK

0	13:34:33.255	investMVC EURUSD,M5: arquivo OK

0	13:34:33.988	investMVC EURUSD,M5: arquivo OK

0	13:34:34.116	investMVC EURUSD,M5: arquivo OK

0	13:34:35.991	investMVC EURUSD,M5: arquivo OK

0	13:34:38.115	investMVC EURUSD,M5: arquivo OK

0	13:34:41.825	investMVC EURUSD,M5: arquivo OK

0	13:34:42.009	investMVC EURUSD,M5: arquivo OK

0	13:34:42.721	investMVC EURUSD,M5: arquivo OK

0	13:34:43.618	investMVC EURUSD,M5: arquivo OK

0	13:34:45.172	investMVC EURUSD,M5: arquivo OK

0	13:41:24.286	Automated trading enabled
0	14:01:31.742	investMVC EURUSD,M5: arquivo OK

0	14:01:32.530	investMVC EURUSD,M5: arquivo OK

0	14:01:51.044	investMVC EURUSD,M5: uninit reason 2
0	14:01:51.044	Expert investMVC EURUSD,M5: removed
0	14:01:51.047	Expert investMVC EURUSD,M5: loaded successfully
0	14:01:51.050	investMVC EURUSD,M5: initialized
0	14:02:06.937	investMVC EURUSD,M5: uninit reason 2
0	14:02:06.937	Expert investMVC EURUSD,M5: removed
0	14:02:06.939	Expert investMVC EURUSD,M5: loaded successfully
0	14:02:06.942	investMVC EURUSD,M5: initialized
0	14:02:45.407	investMVC EURUSD,M5: uninit reason 2
0	14:02:45.407	Expert investMVC EURUSD,M5: removed
0	14:02:45.411	Expert investMVC EURUSD,M5: loaded successfully
0	14:02:45.415	investMVC EURUSD,M5: initialized
0	14:05:15.479	investMVC EURUSD,M5: uninit reason 9
0	14:05:15.538	Expert investMVC EURUSD,M5: removed
